                          >
                          |
                          .
                         /A\
                        /ABA\
                       /ABCBA\
                      /ABCDCBA\
                     /ABCDEDCBA\
                    /ABCDEFEDCBA\
                   /ABCDEFGFEDCBA\
                  /ABCDEFGHGFEDCBA\
                 /ABCDEFGHIHGFEDCBA\
                /ABCDEFGHIJIHGFEDCBA\
               /ABCDEFGHIJKJIHGFEDCBA\
              /ABCDEFGHIJKLKJIHGFEDCBA\
             /ABCDEFGHIJKLMLKJIHGFEDCBA\
            /ABCDEFGHIJKLMNMLKJIHGFEDCBA\
           /ABCDEFGHIJKLMNONMLKJIHGFEDCBA\
          /ABCDEFGHIJKLMNOPONMLKJIHGFEDCBA\
         /ABCDEFGHIJKLMNOPQPONMLKJIHGFEDCBA\
        /ABCDEFGHIJKLMNOPQRQPONMLKJIHGFEDCBA\
       /ABCDEFGHIJKLMNOPQRSRQPONMLKJIHGFEDCBA\
      /ABCDEFGHIJKLMNOPQRSTSRQPONMLKJIHGFEDCBA\
     /ABCDEFGHIJKLMNOPQRSTUTSRQPONMLKJIHGFEDCBA\
    /ABCDEFGHIJKLMNOPQRSTUVUTSRQPONMLKJIHGFEDCBA\
   /ABCDEFGHIJKLMNOPQRSTUVWVUTSRQPONMLKJIHGFEDCBA\
  /ABCDEFGHIJKLMNOPQRSTUVWXWVUTSRQPONMLKJIHGFEDCBA\
 /ABCDEFGHIJKLMNOPQRSTUVWXYXWVUTSRQPONMLKJIHGFEDCBA\
/ABCDEFGHIJKLMNOPQRSTUVWXYZYXWVUTSRQPONMLKJIHGFEDCBA\
